<?xml version="1.0" encoding="UTF-8"?>
<testng-results ignored="0" total="1" passed="1" failed="0" skipped="0">
  <reporter-output>
  </reporter-output>
  <suite started-at="2022-09-19T13:25:13 IST" name="Default suite" finished-at="2022-09-19T13:26:30 IST" duration-ms="76599">
    <groups>
    </groups>
    <test started-at="2022-09-19T13:25:13 IST" name="Default test" finished-at="2022-09-19T13:26:30 IST" duration-ms="76599">
      <class name="loginModule.MainPageAutometedTesterTest">
        <test-method is-config="true" signature="launchApplication()[pri:0, instance:loginModule.MainPageAutometedTesterTest@306e95ec]" started-at="2022-09-19T13:25:13 IST" name="launchApplication" finished-at="2022-09-19T13:25:13 IST" duration-ms="3" status="PASS">
          <reporter-output>
          </reporter-output>
        </test-method> <!-- launchApplication -->
        <test-method signature="LanguageSelection()[pri:0, instance:loginModule.MainPageAutometedTesterTest@306e95ec]" started-at="2022-09-19T13:25:13 IST" name="LanguageSelection" finished-at="2022-09-19T13:26:30 IST" duration-ms="76560" status="PASS">
          <reporter-output>
          </reporter-output>
        </test-method> <!-- LanguageSelection -->
      </class> <!-- loginModule.MainPageAutometedTesterTest -->
    </test> <!-- Default test -->
  </suite> <!-- Default suite -->
</testng-results>
